Started GET "/articles" for ::1 at 2022-10-20 14:28:48 +0530
Processing by ArticlesController#index as HTML
  Rendering layout layouts/application.html.erb
  Rendering articles/index.html.erb within layouts/application
  Rendered articles/index.html.erb within layouts/application (Duration: 1.4ms | Allocations: 459)
  Rendered layout layouts/application.html.erb (Duration: 178.9ms | Allocations: 95342)
Completed 200 OK in 188ms (Views: 182.0ms | ActiveRecord: 0.0ms | Allocations: 101797)


Started GET "/" for ::1 at 2022-10-20 14:29:51 +0530
Processing by ArticlesController#index as HTML
  Rendering layout layouts/application.html.erb
  Rendering articles/index.html.erb within layouts/application
  Rendered articles/index.html.erb within layouts/application (Duration: 0.0ms | Allocations: 9)
  Rendered layout layouts/application.html.erb (Duration: 8.9ms | Allocations: 13813)
Completed 200 OK in 11ms (Views: 10.1ms | Allocations: 14575)


  [1m[35m (6.1ms)[0m  [1m[35mCREATE TABLE "schema_migrations" ("version" varchar NOT NULL PRIMARY KEY)[0m
  [1m[35m (2.6ms)[0m  [1m[35mCREATE TABLE "ar_internal_metadata" ("key" varchar NOT NULL PRIMARY KEY, "value" varchar, "created_at" datetime(6) NOT NULL, "updated_at" datetime(6) NOT NULL)[0m
  [1m[36mActiveRecord::SchemaMigration Pluck (0.1ms)[0m  [1m[34mSELECT "schema_migrations"."version" FROM "schema_migrations" ORDER BY "schema_migrations"."version" ASC[0m
Migrating to CreateArticles (20221020090145)
  [1m[36mTRANSACTION (0.1ms)[0m  [1m[36mbegin transaction[0m
  [1m[35m (0.2ms)[0m  [1m[35mCREATE TABLE "articles" ("id" integer PRIMARY KEY AUTOINCREMENT NOT NULL, "title" varchar, "body" text, "created_at" datetime(6) NOT NULL, "updated_at" datetime(6) NOT NULL)[0m
  [1m[36mActiveRecord::SchemaMigration Create (0.2ms)[0m  [1m[32mINSERT INTO "schema_migrations" ("version") VALUES (?)[0m  [["version", "20221020090145"]]
  [1m[36mTRANSACTION (15.2ms)[0m  [1m[36mcommit transaction[0m
  [1m[36mActiveRecord::InternalMetadata Load (0.1ms)[0m  [1m[34mSELECT "ar_internal_metadata".* FROM "ar_internal_metadata" WHERE "ar_internal_metadata"."key" = ? LIMIT ?[0m  [["key", "environment"], ["LIMIT", 1]]
  [1m[36mTRANSACTION (0.1ms)[0m  [1m[36mbegin transaction[0m
  [1m[36mActiveRecord::InternalMetadata Create (0.2ms)[0m  [1m[32mINSERT INTO "ar_internal_metadata" ("key", "value", "created_at", "updated_at") VALUES (?, ?, ?, ?)[0m  [["key", "environment"], ["value", "development"], ["created_at", "2022-10-20 09:02:44.900781"], ["updated_at", "2022-10-20 09:02:44.900781"]]
  [1m[36mTRANSACTION (1.9ms)[0m  [1m[36mcommit transaction[0m
  [1m[36mActiveRecord::SchemaMigration Pluck (0.1ms)[0m  [1m[34mSELECT "schema_migrations"."version" FROM "schema_migrations" ORDER BY "schema_migrations"."version" ASC[0m
Started GET "/" for ::1 at 2022-10-20 14:36:31 +0530
  [1m[36mActiveRecord::SchemaMigration Pluck (0.1ms)[0m  [1m[34mSELECT "schema_migrations"."version" FROM "schema_migrations" ORDER BY "schema_migrations"."version" ASC[0m
Processing by ArticlesController#index as HTML
  Rendering layout layouts/application.html.erb
  Rendering articles/index.html.erb within layouts/application
  Rendered articles/index.html.erb within layouts/application (Duration: 3.2ms | Allocations: 2787)
  Rendered layout layouts/application.html.erb (Duration: 3.4ms | Allocations: 2859)
Completed 500 Internal Server Error in 6ms (ActiveRecord: 0.0ms | Allocations: 4531)


  
ActionView::Template::Error (undefined method `each' for nil:NilClass):
    1: <h1>Articles</h1>
    2: 
    3: <ul>
    4:   <% @article.each do |article| %>
    5:     <li>
    6:         <%= article.title %>
    7:     </li>
  
app/views/articles/index.html.erb:4
  [1m[36mTRANSACTION (0.2ms)[0m  [1m[36mbegin transaction[0m
  [1m[36mArticle Create (0.8ms)[0m  [1m[32mINSERT INTO "articles" ("title", "body", "created_at", "updated_at") VALUES (?, ?, ?, ?)[0m  [["title", "Hello Rails"], ["body", "I am on Rails!"], ["created_at", "2022-10-20 09:14:55.962232"], ["updated_at", "2022-10-20 09:14:55.962232"]]
  [1m[36mTRANSACTION (5.9ms)[0m  [1m[36mcommit transaction[0m
  [1m[36mArticle Load (0.5ms)[0m  [1m[34mSELECT "articles".* FROM "articles" WHERE "articles"."id" = ? LIMIT ?[0m  [["id", 1], ["LIMIT", 1]]
  [1m[36mArticle Load (0.1ms)[0m  [1m[34mSELECT "articles".* FROM "articles" WHERE "articles"."id" = ? LIMIT ?[0m  [["id", 2], ["LIMIT", 1]]
  [1m[36mArticle Load (0.2ms)[0m  [1m[34mSELECT "articles".* FROM "articles"[0m
Started GET "/articles" for ::1 at 2022-10-20 14:48:10 +0530
Processing by ArticlesController#index as HTML
  Rendering layout layouts/application.html.erb
  Rendering articles/index.html.erb within layouts/application
  Rendered articles/index.html.erb within layouts/application (Duration: 1.1ms | Allocations: 1493)
  Rendered layout layouts/application.html.erb (Duration: 1.3ms | Allocations: 1566)
Completed 500 Internal Server Error in 4ms (Allocations: 3141)


  
ActionView::Template::Error (undefined method `each' for nil:NilClass):
    1: <h1>Articles</h1>
    2: 
    3: <ul>
    4:   <% @article.each do |article| %>
    5:     <li>
    6:         <%= article.title %>
    7:     </li>
  
app/views/articles/index.html.erb:4
Started GET "/articles" for ::1 at 2022-10-20 14:48:15 +0530
Processing by ArticlesController#index as HTML
  Rendering layout layouts/application.html.erb
  Rendering articles/index.html.erb within layouts/application
  Rendered articles/index.html.erb within layouts/application (Duration: 0.9ms | Allocations: 1375)
  Rendered layout layouts/application.html.erb (Duration: 1.1ms | Allocations: 1446)
Completed 500 Internal Server Error in 2ms (Allocations: 1736)


  
ActionView::Template::Error (undefined method `each' for nil:NilClass):
    1: <h1>Articles</h1>
    2: 
    3: <ul>
    4:   <% @article.each do |article| %>
    5:     <li>
    6:         <%= article.title %>
    7:     </li>
  
app/views/articles/index.html.erb:4
Started GET "/articles" for ::1 at 2022-10-20 14:49:01 +0530
  [1m[36mActiveRecord::SchemaMigration Pluck (0.1ms)[0m  [1m[34mSELECT "schema_migrations"."version" FROM "schema_migrations" ORDER BY "schema_migrations"."version" ASC[0m
Processing by ArticlesController#index as HTML
  Rendering layout layouts/application.html.erb
  Rendering articles/index.html.erb within layouts/application
  Rendered articles/index.html.erb within layouts/application (Duration: 3.3ms | Allocations: 2581)
  Rendered layout layouts/application.html.erb (Duration: 3.8ms | Allocations: 2666)
Completed 500 Internal Server Error in 10ms (ActiveRecord: 0.0ms | Allocations: 8508)


  
ActionView::Template::Error (undefined method `each' for nil:NilClass):
    1: <h1>Articles</h1>
    2: 
    3: <ul>
    4:   <% @article.each do |article| %>
    5:     <li>
    6:         <%= article.title %>
    7:     </li>
  
app/views/articles/index.html.erb:4
Started GET "/articles" for ::1 at 2022-10-20 14:50:16 +0530
Processing by ArticlesController#index as HTML
  Rendering layout layouts/application.html.erb
  Rendering articles/index.html.erb within layouts/application
  [1m[36mArticle Load (0.4ms)[0m  [1m[34mSELECT "articles".* FROM "articles"[0m
  ↳ app/views/articles/index.html.erb:4
  Rendered articles/index.html.erb within layouts/application (Duration: 24.5ms | Allocations: 18985)
  Rendered layout layouts/application.html.erb (Duration: 65.0ms | Allocations: 53920)
Completed 200 OK in 72ms (Views: 68.4ms | ActiveRecord: 1.5ms | Allocations: 54980)


Started GET "/articles" for ::1 at 2022-10-20 14:52:37 +0530
Processing by ArticlesController#index as HTML
  Rendering layout layouts/application.html.erb
  Rendering articles/index.html.erb within layouts/application
  [1m[36mArticle Load (0.4ms)[0m  [1m[34mSELECT "articles".* FROM "articles"[0m
  ↳ app/views/articles/index.html.erb:4
  Rendered articles/index.html.erb within layouts/application (Duration: 5.7ms | Allocations: 715)
  Rendered layout layouts/application.html.erb (Duration: 14.7ms | Allocations: 3377)
Completed 200 OK in 23ms (Views: 20.8ms | ActiveRecord: 0.4ms | Allocations: 4407)


Started GET "/articles/2" for ::1 at 2022-10-20 14:52:42 +0530
  
ActionController::RoutingError (uninitialized constant ArticleController
Did you mean?  ArticlesController):
  
Started GET "/articles" for ::1 at 2022-10-20 14:52:43 +0530
Processing by ArticlesController#index as HTML
  Rendering layout layouts/application.html.erb
  Rendering articles/index.html.erb within layouts/application
  [1m[36mArticle Load (0.1ms)[0m  [1m[34mSELECT "articles".* FROM "articles"[0m
  ↳ app/views/articles/index.html.erb:4
  Rendered articles/index.html.erb within layouts/application (Duration: 1.0ms | Allocations: 521)
  Rendered layout layouts/application.html.erb (Duration: 4.1ms | Allocations: 2896)
Completed 200 OK in 5ms (Views: 4.5ms | ActiveRecord: 0.1ms | Allocations: 3227)


Started GET "/articles" for ::1 at 2022-10-20 15:01:10 +0530
Processing by ArticlesController#index as HTML
  Rendering layout layouts/application.html.erb
  Rendering articles/index.html.erb within layouts/application
  [1m[36mArticle Load (0.1ms)[0m  [1m[34mSELECT "articles".* FROM "articles"[0m
  ↳ app/views/articles/index.html.erb:4
  Rendered articles/index.html.erb within layouts/application (Duration: 4.6ms | Allocations: 2236)
  Rendered layout layouts/application.html.erb (Duration: 14.3ms | Allocations: 16217)
Completed 200 OK in 17ms (Views: 15.4ms | ActiveRecord: 0.7ms | Allocations: 17821)


Started GET "/articles/new" for ::1 at 2022-10-20 15:40:38 +0530
Processing by ArticlesController#new as HTML
  Rendering layout layouts/application.html.erb
  Rendering articles/new.html.erb within layouts/application
  Rendered articles/new.html.erb within layouts/application (Duration: 9.5ms | Allocations: 6464)
  Rendered layout layouts/application.html.erb (Duration: 9.7ms | Allocations: 6536)
Completed 500 Internal Server Error in 15ms (ActiveRecord: 0.2ms | Allocations: 9593)


  
ActionView::Template::Error (undefined method `full_meassages_for' for #<ActiveModel::Errors []>
Did you mean?  full_messages_for
               full_messages):
    12:   <div>
    13:     <%= form.label :body %><>
    14:     <%= form.text_area :body %>
    15:     <% @article.errors.full_meassages_for(:body).each do |message| %>
    16:       <div>
    17:         <%= message %>
    18:       </div>
  
app/views/articles/new.html.erb:15
app/views/articles/new.html.erb:3
Started GET "/articles/new" for ::1 at 2022-10-20 15:41:22 +0530
Processing by ArticlesController#new as HTML
  Rendering layout layouts/application.html.erb
  Rendering articles/new.html.erb within layouts/application
  Rendered articles/new.html.erb within layouts/application (Duration: 8.2ms | Allocations: 1480)
  Rendered layout layouts/application.html.erb (Duration: 32.2ms | Allocations: 15367)
Completed 200 OK in 39ms (Views: 37.2ms | ActiveRecord: 0.0ms | Allocations: 16390)


Started GET "/articles/new" for ::1 at 2022-10-20 15:41:43 +0530
Processing by ArticlesController#new as HTML
  Rendering layout layouts/application.html.erb
  Rendering articles/new.html.erb within layouts/application
  Rendered articles/new.html.erb within layouts/application (Duration: 3.9ms | Allocations: 1412)
  Rendered layout layouts/application.html.erb (Duration: 8.9ms | Allocations: 3861)
Completed 200 OK in 12ms (Views: 10.9ms | ActiveRecord: 0.0ms | Allocations: 4884)


Started GET "/articles/new" for ::1 at 2022-10-20 15:43:08 +0530
Processing by ArticlesController#new as HTML
  Rendering layout layouts/application.html.erb
  Rendering articles/new.html.erb within layouts/application
  Rendered articles/new.html.erb within layouts/application (Duration: 5.0ms | Allocations: 1418)
  Rendered layout layouts/application.html.erb (Duration: 10.0ms | Allocations: 3865)
Completed 200 OK in 15ms (Views: 12.8ms | ActiveRecord: 0.0ms | Allocations: 4889)


Started POST "/articles" for ::1 at 2022-10-20 15:43:34 +0530
Processing by ArticlesController#create as TURBO_STREAM
  Parameters: {"authenticity_token"=>"[FILTERED]", "article"=>{"title"=>"Article4", "body"=>"Superb Article"}, "commit"=>"Create Article"}
  [1m[36mTRANSACTION (0.1ms)[0m  [1m[36mbegin transaction[0m
  ↳ app/controllers/articles_controller.rb:16:in `create'
  [1m[36mArticle Create (0.3ms)[0m  [1m[32mINSERT INTO "articles" ("title", "body", "created_at", "updated_at") VALUES (?, ?, ?, ?)[0m  [["title", "Article4"], ["body", "Superb Article"], ["created_at", "2022-10-20 10:13:34.611336"], ["updated_at", "2022-10-20 10:13:34.611336"]]
  ↳ app/controllers/articles_controller.rb:16:in `create'
  [1m[36mTRANSACTION (1.9ms)[0m  [1m[36mcommit transaction[0m
  ↳ app/controllers/articles_controller.rb:16:in `create'
Redirected to http://localhost:3000/articles/3
Completed 302 Found in 8ms (ActiveRecord: 2.2ms | Allocations: 3370)


Started GET "/articles/3" for ::1 at 2022-10-20 15:43:34 +0530
Processing by ArticlesController#show as TURBO_STREAM
  Parameters: {"id"=>"3"}
  [1m[36mArticle Load (0.1ms)[0m  [1m[34mSELECT "articles".* FROM "articles" WHERE "articles"."id" = ? LIMIT ?[0m  [["id", 3], ["LIMIT", 1]]
  ↳ app/controllers/articles_controller.rb:7:in `show'
  Rendering layout layouts/application.html.erb
  Rendering articles/show.html.erb within layouts/application
  Rendered articles/show.html.erb within layouts/application (Duration: 0.3ms | Allocations: 134)
  Rendered layout layouts/application.html.erb (Duration: 2.6ms | Allocations: 2494)
Completed 200 OK in 5ms (Views: 3.1ms | ActiveRecord: 0.1ms | Allocations: 5250)


Started GET "/articles/3" for ::1 at 2022-10-20 16:11:25 +0530
Processing by ArticlesController#show as HTML
  Parameters: {"id"=>"3"}
  [1m[36mArticle Load (0.1ms)[0m  [1m[34mSELECT "articles".* FROM "articles" WHERE "articles"."id" = ? LIMIT ?[0m  [["id", 3], ["LIMIT", 1]]
  ↳ app/controllers/articles_controller.rb:7:in `show'
  Rendering layout layouts/application.html.erb
  Rendering articles/show.html.erb within layouts/application
  Rendered articles/show.html.erb within layouts/application (Duration: 0.8ms | Allocations: 1065)
  Rendered layout layouts/application.html.erb (Duration: 0.9ms | Allocations: 1138)
Completed 500 Internal Server Error in 7ms (ActiveRecord: 0.3ms | Allocations: 5230)


  
ActionView::SyntaxErrorInTemplate (Encountered a syntax error while rendering template: check <h1><%= @article.title %></h1>
<p><%= @article.body %></p>

<ul>
  <li><%= link_to "Edit" edit_article_path(@article)%></li>
  <li><%= link_to "Destroy", article_path(@article), data: {
                    turbo_method: :delete,
                    turbo_confirm: "Are you sure?"
                  } %></li>
</ul>

):
1:    <h1><%= @article.title %></h1>
2:    <p><%= @article.body %></p>
3:    
4:    <ul>
5:      <li><%= link_to "Edit" edit_article_path(@article)%></li>
6:      <li><%= link_to "Destroy", article_path(@article), data: {
7:                        turbo_method: :delete,
8:                        turbo_confirm: "Are you sure?"
9:                      } %></li>
10:    </ul>
  
app/views/articles/show.html.erb:5: syntax error, unexpected local variable or method, expecting ')'
app/views/articles/show.html.erb:5: syntax error, unexpected local variable or method, expecting ')'
app/views/articles/show.html.erb:5: syntax error, unexpected local variable or method, expecting ')'
app/views/articles/show.html.erb:5: syntax error, unexpected local variable or method, expecting ')'
app/views/articles/show.html.erb:5: syntax error, unexpected local variable or method, expecting ')'
app/views/articles/show.html.erb:5: syntax error, unexpected local variable or method, expecting ')'
Started GET "/articles/4" for ::1 at 2022-10-20 16:11:33 +0530
Processing by ArticlesController#show as HTML
  Parameters: {"id"=>"4"}
  [1m[36mArticle Load (0.2ms)[0m  [1m[34mSELECT "articles".* FROM "articles" WHERE "articles"."id" = ? LIMIT ?[0m  [["id", 4], ["LIMIT", 1]]
  ↳ app/controllers/articles_controller.rb:7:in `show'
Completed 404 Not Found in 4ms (ActiveRecord: 0.2ms | Allocations: 900)


  
ActiveRecord::RecordNotFound (Couldn't find Article with 'id'=4):
  
app/controllers/articles_controller.rb:7:in `show'
Started GET "/articles/3" for ::1 at 2022-10-20 16:11:42 +0530
Processing by ArticlesController#show as HTML
  Parameters: {"id"=>"3"}
  [1m[36mArticle Load (0.1ms)[0m  [1m[34mSELECT "articles".* FROM "articles" WHERE "articles"."id" = ? LIMIT ?[0m  [["id", 3], ["LIMIT", 1]]
  ↳ app/controllers/articles_controller.rb:7:in `show'
  Rendering layout layouts/application.html.erb
  Rendering articles/show.html.erb within layouts/application
  Rendered articles/show.html.erb within layouts/application (Duration: 0.9ms | Allocations: 1119)
  Rendered layout layouts/application.html.erb (Duration: 1.1ms | Allocations: 1191)
Completed 500 Internal Server Error in 3ms (ActiveRecord: 0.1ms | Allocations: 1906)


  
ActionView::SyntaxErrorInTemplate (Encountered a syntax error while rendering template: check <h1><%= @article.title %></h1>
<p><%= @article.body %></p>

<ul>
  <li><%= link_to "Edit" edit_article_path(@article)%></li>
  <li><%= link_to "Destroy", article_path(@article), data: {
                    turbo_method: :delete,
                    turbo_confirm: "Are you sure?"
                  } %></li>
</ul>

):
1:    <h1><%= @article.title %></h1>
2:    <p><%= @article.body %></p>
3:    
4:    <ul>
5:      <li><%= link_to "Edit" edit_article_path(@article)%></li>
6:      <li><%= link_to "Destroy", article_path(@article), data: {
7:                        turbo_method: :delete,
8:                        turbo_confirm: "Are you sure?"
9:                      } %></li>
10:    </ul>
  
app/views/articles/show.html.erb:5: syntax error, unexpected local variable or method, expecting ')'
app/views/articles/show.html.erb:5: syntax error, unexpected local variable or method, expecting ')'
app/views/articles/show.html.erb:5: syntax error, unexpected local variable or method, expecting ')'
app/views/articles/show.html.erb:5: syntax error, unexpected local variable or method, expecting ')'
app/views/articles/show.html.erb:5: syntax error, unexpected local variable or method, expecting ')'
app/views/articles/show.html.erb:5: syntax error, unexpected local variable or method, expecting ')'
Started GET "/articles/2" for ::1 at 2022-10-20 16:12:31 +0530
Processing by ArticlesController#show as HTML
  Parameters: {"id"=>"2"}
  [1m[36mArticle Load (0.1ms)[0m  [1m[34mSELECT "articles".* FROM "articles" WHERE "articles"."id" = ? LIMIT ?[0m  [["id", 2], ["LIMIT", 1]]
  ↳ app/controllers/articles_controller.rb:7:in `show'
  Rendering layout layouts/application.html.erb
  Rendering articles/show.html.erb within layouts/application
  Rendered articles/show.html.erb within layouts/application (Duration: 1.0ms | Allocations: 1120)
  Rendered layout layouts/application.html.erb (Duration: 1.1ms | Allocations: 1192)
Completed 500 Internal Server Error in 3ms (ActiveRecord: 0.1ms | Allocations: 1907)


  
ActionView::SyntaxErrorInTemplate (Encountered a syntax error while rendering template: check <h1><%= @article.title %></h1>
<p><%= @article.body %></p>

<ul>
  <li><%= link_to "Edit" edit_article_path(@article)%></li>
  <li><%= link_to "Destroy", article_path(@article), data: {
                    turbo_method: :delete,
                    turbo_confirm: "Are you sure?"
                  } %></li>
</ul>

):
1:    <h1><%= @article.title %></h1>
2:    <p><%= @article.body %></p>
3:    
4:    <ul>
5:      <li><%= link_to "Edit" edit_article_path(@article)%></li>
6:      <li><%= link_to "Destroy", article_path(@article), data: {
7:                        turbo_method: :delete,
8:                        turbo_confirm: "Are you sure?"
9:                      } %></li>
10:    </ul>
  
app/views/articles/show.html.erb:5: syntax error, unexpected local variable or method, expecting ')'
app/views/articles/show.html.erb:5: syntax error, unexpected local variable or method, expecting ')'
app/views/articles/show.html.erb:5: syntax error, unexpected local variable or method, expecting ')'
app/views/articles/show.html.erb:5: syntax error, unexpected local variable or method, expecting ')'
app/views/articles/show.html.erb:5: syntax error, unexpected local variable or method, expecting ')'
app/views/articles/show.html.erb:5: syntax error, unexpected local variable or method, expecting ')'
Started GET "/articles/2" for ::1 at 2022-10-20 16:13:08 +0530
Processing by ArticlesController#show as HTML
  Parameters: {"id"=>"2"}
  [1m[36mArticle Load (0.1ms)[0m  [1m[34mSELECT "articles".* FROM "articles" WHERE "articles"."id" = ? LIMIT ?[0m  [["id", 2], ["LIMIT", 1]]
  ↳ app/controllers/articles_controller.rb:7:in `show'
  Rendering layout layouts/application.html.erb
  Rendering articles/show.html.erb within layouts/application
  Rendered articles/show.html.erb within layouts/application (Duration: 1.3ms | Allocations: 323)
  Rendered layout layouts/application.html.erb (Duration: 12.2ms | Allocations: 14387)
Completed 200 OK in 16ms (Views: 13.9ms | ActiveRecord: 0.1ms | Allocations: 15832)


Started GET "/articles/2/edit" for ::1 at 2022-10-20 16:13:13 +0530
Processing by ArticlesController#edit as HTML
  Parameters: {"id"=>"2"}
  [1m[36mArticle Load (0.1ms)[0m  [1m[34mSELECT "articles".* FROM "articles" WHERE "articles"."id" = ? LIMIT ?[0m  [["id", 2], ["LIMIT", 1]]
  ↳ app/controllers/articles_controller.rb:24:in `edit'
  Rendering layout layouts/application.html.erb
  Rendering articles/edit.html.erb within layouts/application
  Rendered articles/_form.html.erb (Duration: 2.4ms | Allocations: 1496)
  Rendered articles/edit.html.erb within layouts/application (Duration: 3.2ms | Allocations: 1723)
  Rendered layout layouts/application.html.erb (Duration: 6.9ms | Allocations: 3889)
Completed 200 OK in 9ms (Views: 7.4ms | ActiveRecord: 0.1ms | Allocations: 4693)


Started PATCH "/articles/2" for ::1 at 2022-10-20 16:13:15 +0530
Processing by ArticlesController#update as TURBO_STREAM
  Parameters: {"authenticity_token"=>"[FILTERED]", "article"=>{"title"=>"Hello Rails", "body"=>"I am on Rails!"}, "commit"=>"Update Article", "id"=>"2"}
  [1m[36mArticle Load (0.1ms)[0m  [1m[34mSELECT "articles".* FROM "articles" WHERE "articles"."id" = ? LIMIT ?[0m  [["id", 2], ["LIMIT", 1]]
  ↳ app/controllers/articles_controller.rb:28:in `update'
Redirected to http://localhost:3000/articles/2
Completed 302 Found in 3ms (ActiveRecord: 0.1ms | Allocations: 1283)


Started GET "/articles/2" for ::1 at 2022-10-20 16:13:15 +0530
Processing by ArticlesController#show as TURBO_STREAM
  Parameters: {"id"=>"2"}
  [1m[36mArticle Load (0.1ms)[0m  [1m[34mSELECT "articles".* FROM "articles" WHERE "articles"."id" = ? LIMIT ?[0m  [["id", 2], ["LIMIT", 1]]
  ↳ app/controllers/articles_controller.rb:7:in `show'
  Rendering layout layouts/application.html.erb
  Rendering articles/show.html.erb within layouts/application
  Rendered articles/show.html.erb within layouts/application (Duration: 0.3ms | Allocations: 113)
  Rendered layout layouts/application.html.erb (Duration: 2.9ms | Allocations: 2484)
Completed 200 OK in 5ms (Views: 3.4ms | ActiveRecord: 0.1ms | Allocations: 3285)


Started DELETE "/articles/2" for ::1 at 2022-10-20 16:13:19 +0530
Processing by ArticlesController#destroy as TURBO_STREAM
  Parameters: {"id"=>"2"}
  [1m[36mArticle Load (0.3ms)[0m  [1m[34mSELECT "articles".* FROM "articles" WHERE "articles"."id" = ? LIMIT ?[0m  [["id", 2], ["LIMIT", 1]]
  ↳ app/controllers/articles_controller.rb:38:in `destroy'
  [1m[36mTRANSACTION (0.1ms)[0m  [1m[36mbegin transaction[0m
  ↳ app/controllers/articles_controller.rb:39:in `destroy'
  [1m[36mArticle Destroy (0.4ms)[0m  [1m[31mDELETE FROM "articles" WHERE "articles"."id" = ?[0m  [["id", 2]]
  ↳ app/controllers/articles_controller.rb:39:in `destroy'
  [1m[36mTRANSACTION (7.7ms)[0m  [1m[36mcommit transaction[0m
  ↳ app/controllers/articles_controller.rb:39:in `destroy'
Redirected to http://localhost:3000/
Completed 303 See Other in 17ms (ActiveRecord: 8.4ms | Allocations: 2258)


Started GET "/" for ::1 at 2022-10-20 16:13:19 +0530
Processing by ArticlesController#index as TURBO_STREAM
  Rendering layout layouts/application.html.erb
  Rendering articles/index.html.erb within layouts/application
  [1m[36mArticle Load (0.5ms)[0m  [1m[34mSELECT "articles".* FROM "articles"[0m
  ↳ app/views/articles/index.html.erb:4
  Rendered articles/index.html.erb within layouts/application (Duration: 3.3ms | Allocations: 826)
  Rendered layout layouts/application.html.erb (Duration: 6.2ms | Allocations: 3201)
Completed 200 OK in 8ms (Views: 6.5ms | ActiveRecord: 0.5ms | Allocations: 3582)


Started GET "/articles/new" for ::1 at 2022-10-20 16:13:33 +0530
Processing by ArticlesController#new as HTML
  Rendering layout layouts/application.html.erb
  Rendering articles/new.html.erb within layouts/application
  Rendered articles/_form.html.erb (Duration: 2.4ms | Allocations: 1019)
  Rendered articles/new.html.erb within layouts/application (Duration: 3.4ms | Allocations: 1189)
  Rendered layout layouts/application.html.erb (Duration: 7.4ms | Allocations: 3366)
Completed 200 OK in 9ms (Views: 7.9ms | ActiveRecord: 0.0ms | Allocations: 3752)


Started POST "/articles" for ::1 at 2022-10-20 16:13:53 +0530
Processing by ArticlesController#create as TURBO_STREAM
  Parameters: {"authenticity_token"=>"[FILTERED]", "article"=>{"title"=>"Article 1", "body"=>"Awesome article1"}, "commit"=>"Create Article"}
  [1m[36mTRANSACTION (0.2ms)[0m  [1m[36mbegin transaction[0m
  ↳ app/controllers/articles_controller.rb:16:in `create'
  [1m[36mArticle Create (0.7ms)[0m  [1m[32mINSERT INTO "articles" ("title", "body", "created_at", "updated_at") VALUES (?, ?, ?, ?)[0m  [["title", "Article 1"], ["body", "Awesome article1"], ["created_at", "2022-10-20 10:43:53.472957"], ["updated_at", "2022-10-20 10:43:53.472957"]]
  ↳ app/controllers/articles_controller.rb:16:in `create'
  [1m[36mTRANSACTION (2.9ms)[0m  [1m[36mcommit transaction[0m
  ↳ app/controllers/articles_controller.rb:16:in `create'
Redirected to http://localhost:3000/articles/4
Completed 302 Found in 18ms (ActiveRecord: 3.9ms | Allocations: 2162)


Started GET "/articles/4" for ::1 at 2022-10-20 16:13:53 +0530
Processing by ArticlesController#show as TURBO_STREAM
  Parameters: {"id"=>"4"}
  [1m[36mArticle Load (0.2ms)[0m  [1m[34mSELECT "articles".* FROM "articles" WHERE "articles"."id" = ? LIMIT ?[0m  [["id", 4], ["LIMIT", 1]]
  ↳ app/controllers/articles_controller.rb:7:in `show'
  Rendering layout layouts/application.html.erb
  Rendering articles/show.html.erb within layouts/application
  Rendered articles/show.html.erb within layouts/application (Duration: 0.6ms | Allocations: 113)
  Rendered layout layouts/application.html.erb (Duration: 6.5ms | Allocations: 2476)
Completed 200 OK in 10ms (Views: 7.4ms | ActiveRecord: 0.2ms | Allocations: 3228)


Started GET "/articles" for ::1 at 2022-10-20 16:14:06 +0530
Processing by ArticlesController#index as HTML
  Rendering layout layouts/application.html.erb
  Rendering articles/index.html.erb within layouts/application
  [1m[36mArticle Load (0.1ms)[0m  [1m[34mSELECT "articles".* FROM "articles"[0m
  ↳ app/views/articles/index.html.erb:4
  Rendered articles/index.html.erb within layouts/application (Duration: 1.3ms | Allocations: 637)
  Rendered layout layouts/application.html.erb (Duration: 3.6ms | Allocations: 3014)
Completed 200 OK in 4ms (Views: 3.9ms | ActiveRecord: 0.1ms | Allocations: 3335)


Started GET "/articles/3" for ::1 at 2022-10-20 16:14:40 +0530
Processing by ArticlesController#show as HTML
  Parameters: {"id"=>"3"}
  [1m[36mArticle Load (0.3ms)[0m  [1m[34mSELECT "articles".* FROM "articles" WHERE "articles"."id" = ? LIMIT ?[0m  [["id", 3], ["LIMIT", 1]]
  ↳ app/controllers/articles_controller.rb:7:in `show'
  Rendering layout layouts/application.html.erb
  Rendering articles/show.html.erb within layouts/application
  Rendered articles/show.html.erb within layouts/application (Duration: 1.0ms | Allocations: 113)
  Rendered layout layouts/application.html.erb (Duration: 9.3ms | Allocations: 2474)
Completed 200 OK in 16ms (Views: 11.0ms | ActiveRecord: 0.3ms | Allocations: 3223)


